[     132ms] [ERROR] Failed to load resource: the server responded with a status of 404 () @ https://t.tinyops.ru/troiki:0
[     152ms] [WARNING] [svelte-intl-precompile] The message "troiki.empty" was not found in "", "en".

Note: there are at least one loader still registered to this locale that wasn't executed. @ https://t.tinyops.ru/_app/immutable/chunks/DcBcimpv.js:1
[     152ms] [WARNING] [svelte-intl-precompile] The message "troiki.title" was not found in "", "en".

Note: there are at least one loader still registered to this locale that wasn't executed. @ https://t.tinyops.ru/_app/immutable/chunks/DcBcimpv.js:1
[     152ms] [LOG] [troiki] entering troiki view @ https://t.tinyops.ru/_app/immutable/chunks/DcBcimpv.js:1
[     153ms] [LOG] [ws] subscribe troiki {} seq=1 sent=false readyState=undefined @ https://t.tinyops.ru/_app/immutable/chunks/DcBcimpv.js:1
[     153ms] [LOG] [api] GET /api/auth/me @ https://t.tinyops.ru/_app/immutable/chunks/DcBcimpv.js:1
[     177ms] [WARNING] <meta name="apple-mobile-web-app-capable" content="yes"> is deprecated. Please include <meta name="mobile-web-app-capable" content="yes"> @ https://t.tinyops.ru/troiki:0
[     251ms] [LOG] [api] GET /api/auth/me → 200 @ https://t.tinyops.ru/_app/immutable/chunks/DcBcimpv.js:1
[     254ms] [LOG] [troiki] exiting troiki view @ https://t.tinyops.ru/_app/immutable/chunks/DcBcimpv.js:1
[     254ms] [LOG] [tasks] start @ https://t.tinyops.ru/_app/immutable/chunks/DcBcimpv.js:1
[     254ms] [LOG] [api] GET /api/config @ https://t.tinyops.ru/_app/immutable/chunks/DcBcimpv.js:1
[     255ms] [LOG] [troiki] entering troiki view @ https://t.tinyops.ru/_app/immutable/chunks/DcBcimpv.js:1
[     255ms] [LOG] [ws] subscribe troiki {} seq=2 sent=false readyState=undefined @ https://t.tinyops.ru/_app/immutable/chunks/DcBcimpv.js:1
[     255ms] [LOG] [app] init start @ https://t.tinyops.ru/_app/immutable/chunks/DcBcimpv.js:1
[     255ms] [LOG] [api] GET /api/config @ https://t.tinyops.ru/_app/immutable/chunks/DcBcimpv.js:1
[     409ms] [LOG] [api] GET /api/config → 200 @ https://t.tinyops.ru/_app/immutable/chunks/DcBcimpv.js:1
[     409ms] [LOG] [tasks] subscribing WS: view=all context=undefined @ https://t.tinyops.ru/_app/immutable/chunks/DcBcimpv.js:1
[     409ms] [LOG] [ws] subscribe tasks {"view":"all"} seq=3 sent=false readyState=undefined @ https://t.tinyops.ru/_app/immutable/chunks/DcBcimpv.js:1
[     435ms] [LOG] [api] GET /api/config → 200 @ https://t.tinyops.ru/_app/immutable/chunks/DcBcimpv.js:1
[     436ms] [LOG] [app] config loaded from API @ https://t.tinyops.ru/_app/immutable/chunks/DcBcimpv.js:1
[     436ms] [LOG] [ws] connecting to wss://t.tinyops.ru/api/ws @ https://t.tinyops.ru/_app/immutable/chunks/DcBcimpv.js:1
[     436ms] [LOG] [tasks] start @ https://t.tinyops.ru/_app/immutable/chunks/DcBcimpv.js:1
[     436ms] [LOG] [api] GET /api/config @ https://t.tinyops.ru/_app/immutable/chunks/DcBcimpv.js:1
[     552ms] [LOG] [api] GET /api/config → 200 @ https://t.tinyops.ru/_app/immutable/chunks/DcBcimpv.js:1
[     552ms] [LOG] [tasks] subscribing WS: view=today context=undefined @ https://t.tinyops.ru/_app/immutable/chunks/DcBcimpv.js:1
[     552ms] [LOG] [ws] subscribe tasks {"view":"today"} seq=4 sent=false readyState=0 @ https://t.tinyops.ru/_app/immutable/chunks/DcBcimpv.js:1
[     552ms] [LOG] [api] GET /api/tasks @ https://t.tinyops.ru/_app/immutable/chunks/DcBcimpv.js:1
[     553ms] [LOG] [app] init complete @ https://t.tinyops.ru/_app/immutable/chunks/DcBcimpv.js:1
[     665ms] [LOG] [api] GET /api/tasks → 200 @ https://t.tinyops.ru/_app/immutable/chunks/DcBcimpv.js:1
[     732ms] [LOG] [ws] connected @ https://t.tinyops.ru/_app/immutable/chunks/DcBcimpv.js:1
[     732ms] [LOG] [ws] resubscribe troiki @ https://t.tinyops.ru/_app/immutable/chunks/DcBcimpv.js:1
[     733ms] [LOG] [ws] resubscribe tasks @ https://t.tinyops.ru/_app/immutable/chunks/DcBcimpv.js:1
[     826ms] [LOG] [ws] snapshot troiki seq=5 @ https://t.tinyops.ru/_app/immutable/chunks/DcBcimpv.js:1
[     838ms] [LOG] [ws] snapshot tasks seq=5 @ https://t.tinyops.ru/_app/immutable/chunks/DcBcimpv.js:1
[     838ms] [LOG] [tasks] snapshot received: 15 tasks, synced at: 2026-04-09T11:30:04Z @ https://t.tinyops.ru/_app/immutable/chunks/DcBcimpv.js:1
[     994ms] [LOG] [project-tasks] fetched 637 tasks from server @ https://t.tinyops.ru/_app/immutable/chunks/DcBcimpv.js:1
[    3313ms] [ERROR] Failed to load resource: the server responded with a status of 404 () @ https://t.tinyops.ru/api/troiki/status:0
[    9274ms] [ERROR] Failed to load resource: the server responded with a status of 404 () @ https://t.tinyops.ru/api/troiki/sections:0
[  276639ms] [LOG] [ws] delta troiki seq=5 @ https://t.tinyops.ru/_app/immutable/chunks/DcBcimpv.js:1
[  310119ms] [LOG] [ws] delta troiki seq=5 @ https://t.tinyops.ru/_app/immutable/chunks/DcBcimpv.js:1
