[     352ms] [ERROR] Failed to load resource: the server responded with a status of 404 () @ https://t.tinyops.ru/api/troiki/status:0
[     362ms] [ERROR] Le: Not found: /api/troiki/status
    at B (https://t.tinyops.ru/_app/immutable/chunks/CWayCq1z.js:1:16736)
    at async Module.fn (https://t.tinyops.ru/_app/immutable/chunks/CWayCq1z.js:1:9574) @ https://t.tinyops.ru/_app/immutable/entry/app.5Ur38Ey9.js:1
[     383ms] [WARNING] <meta name="apple-mobile-web-app-capable" content="yes"> is deprecated. Please include <meta name="mobile-web-app-capable" content="yes"> @ https://t.tinyops.ru/api/troiki/status:0
[     471ms] [LOG] [api] GET /api/auth/me @ https://t.tinyops.ru/_app/immutable/chunks/DcBcimpv.js:1
[     578ms] [LOG] [api] GET /api/auth/me → 200 @ https://t.tinyops.ru/_app/immutable/chunks/DcBcimpv.js:1
[     583ms] [LOG] [app] init start @ https://t.tinyops.ru/_app/immutable/chunks/DcBcimpv.js:1
[     583ms] [LOG] [api] GET /api/config @ https://t.tinyops.ru/_app/immutable/chunks/DcBcimpv.js:1
[     689ms] [LOG] [api] GET /api/config → 200 @ https://t.tinyops.ru/_app/immutable/chunks/DcBcimpv.js:1
[     701ms] [LOG] [app] config loaded from API @ https://t.tinyops.ru/_app/immutable/chunks/DcBcimpv.js:1
[     701ms] [LOG] [ws] connecting to wss://t.tinyops.ru/api/ws @ https://t.tinyops.ru/_app/immutable/chunks/DcBcimpv.js:1
[     702ms] [LOG] [tasks] start @ https://t.tinyops.ru/_app/immutable/chunks/DcBcimpv.js:1
[     702ms] [LOG] [api] GET /api/config @ https://t.tinyops.ru/_app/immutable/chunks/DcBcimpv.js:1
[     821ms] [LOG] [api] GET /api/config → 200 @ https://t.tinyops.ru/_app/immutable/chunks/DcBcimpv.js:1
[     822ms] [LOG] [tasks] subscribing WS: view=today context=undefined @ https://t.tinyops.ru/_app/immutable/chunks/DcBcimpv.js:1
[     822ms] [LOG] [ws] subscribe tasks {"view":"today"} seq=1 sent=false readyState=0 @ https://t.tinyops.ru/_app/immutable/chunks/DcBcimpv.js:1
[     822ms] [LOG] [api] GET /api/tasks @ https://t.tinyops.ru/_app/immutable/chunks/DcBcimpv.js:1
[     822ms] [LOG] [app] init complete @ https://t.tinyops.ru/_app/immutable/chunks/DcBcimpv.js:1
[     949ms] [LOG] [api] GET /api/tasks → 200 @ https://t.tinyops.ru/_app/immutable/chunks/DcBcimpv.js:1
[    1009ms] [LOG] [ws] connected @ https://t.tinyops.ru/_app/immutable/chunks/DcBcimpv.js:1
[    1009ms] [LOG] [ws] resubscribe tasks @ https://t.tinyops.ru/_app/immutable/chunks/DcBcimpv.js:1
[    1116ms] [LOG] [ws] snapshot tasks seq=2 @ https://t.tinyops.ru/_app/immutable/chunks/DcBcimpv.js:1
[    1117ms] [LOG] [tasks] snapshot received: 15 tasks, synced at: 2026-04-09T11:28:33Z @ https://t.tinyops.ru/_app/immutable/chunks/DcBcimpv.js:1
[    1298ms] [LOG] [project-tasks] fetched 637 tasks from server @ https://t.tinyops.ru/_app/immutable/chunks/DcBcimpv.js:1
[   83847ms] [ERROR] Failed to load resource: the server responded with a status of 404 () @ https://t.tinyops.ru/api/troiki/status:0
