[     329ms] [WARNING] <meta name="apple-mobile-web-app-capable" content="yes"> is deprecated. Please include <meta name="mobile-web-app-capable" content="yes"> @ https://t.tinyops.ru/:0
[     599ms] [ERROR] Failed to load resource: the server responded with a status of 404 () @ https://t.tinyops.ru/favicon.ico:0
[    1036ms] [WARNING] [svelte-intl-precompile] The message "tasks.search" was not found in "", "en".

Note: there are at least one loader still registered to this locale that wasn't executed. @ https://t.tinyops.ru/_app/immutable/chunks/DcBcimpv.js:1
[    1037ms] [WARNING] [svelte-intl-precompile] The message "tasks.search" was not found in "", "en".

Note: there are at least one loader still registered to this locale that wasn't executed. @ https://t.tinyops.ru/_app/immutable/chunks/DcBcimpv.js:1
[    1038ms] [WARNING] [svelte-intl-precompile] The message "tasks.noTasks" was not found in "", "en".

Note: there are at least one loader still registered to this locale that wasn't executed. @ https://t.tinyops.ru/_app/immutable/chunks/DcBcimpv.js:1
[    1039ms] [WARNING] [svelte-intl-precompile] The message "views.all" was not found in "", "en".

Note: there are at least one loader still registered to this locale that wasn't executed. @ https://t.tinyops.ru/_app/immutable/chunks/DcBcimpv.js:1
[    1041ms] [WARNING] [svelte-intl-precompile] The message "filters.priority" was not found in "", "en".

Note: there are at least one loader still registered to this locale that wasn't executed. @ https://t.tinyops.ru/_app/immutable/chunks/DcBcimpv.js:1
[    1041ms] [LOG] [api] patchState all_filters @ https://t.tinyops.ru/_app/immutable/chunks/DcBcimpv.js:1
[    1041ms] [LOG] [api] PATCH /api/state @ https://t.tinyops.ru/_app/immutable/chunks/DcBcimpv.js:1
[    1042ms] [LOG] [api] GET /api/auth/me @ https://t.tinyops.ru/_app/immutable/chunks/DcBcimpv.js:1
[    1144ms] [ERROR] Failed to load resource: the server responded with a status of 401 () @ https://t.tinyops.ru/api/auth/me:0
[    1144ms] [WARNING] [api] GET /api/auth/me → 401 Unauthorized @ https://t.tinyops.ru/_app/immutable/chunks/DcBcimpv.js:1
[    1145ms] [ERROR] Failed to load resource: the server responded with a status of 401 () @ https://t.tinyops.ru/api/state:0
[    1145ms] [WARNING] [api] PATCH /api/state → 401 Unauthorized @ https://t.tinyops.ru/_app/immutable/chunks/DcBcimpv.js:1
[    1145ms] [ERROR] Error: Unauthorized
    at wr.request (https://t.tinyops.ru/_app/immutable/chunks/DcBcimpv.js:2:6503)
    at async wr.patchState (https://t.tinyops.ru/_app/immutable/chunks/DcBcimpv.js:2:9494) @ :0
[    1349ms] [VERBOSE] [DOM] Password forms should have (optionally hidden) username fields for accessibility: (More info: https://goo.gl/9p2vKq) %o @ https://t.tinyops.ru/login:0
[  252039ms] [LOG] [api] POST /api/auth/login @ https://t.tinyops.ru/_app/immutable/chunks/DcBcimpv.js:1
[  252370ms] [LOG] [api] POST /api/auth/login → 200 @ https://t.tinyops.ru/_app/immutable/chunks/DcBcimpv.js:1
[  252370ms] [LOG] [app] init start @ https://t.tinyops.ru/_app/immutable/chunks/DcBcimpv.js:1
[  252370ms] [LOG] [api] GET /api/config @ https://t.tinyops.ru/_app/immutable/chunks/DcBcimpv.js:1
[  252376ms] [LOG] [api] patchState all_filters @ https://t.tinyops.ru/_app/immutable/chunks/DcBcimpv.js:1
[  252376ms] [LOG] [api] PATCH /api/state @ https://t.tinyops.ru/_app/immutable/chunks/DcBcimpv.js:1
[  252383ms] [LOG] [api] patchState all_filters @ https://t.tinyops.ru/_app/immutable/chunks/DcBcimpv.js:1
[  252383ms] [LOG] [api] PATCH /api/state @ https://t.tinyops.ru/_app/immutable/chunks/DcBcimpv.js:1
[  252471ms] [LOG] [api] GET /api/config → 200 @ https://t.tinyops.ru/_app/immutable/chunks/DcBcimpv.js:1
[  252481ms] [LOG] [app] config loaded from API @ https://t.tinyops.ru/_app/immutable/chunks/DcBcimpv.js:1
[  252482ms] [LOG] [ws] connecting to wss://t.tinyops.ru/api/ws @ https://t.tinyops.ru/_app/immutable/chunks/DcBcimpv.js:1
[  252482ms] [LOG] [tasks] start @ https://t.tinyops.ru/_app/immutable/chunks/DcBcimpv.js:1
[  252482ms] [LOG] [api] GET /api/config @ https://t.tinyops.ru/_app/immutable/chunks/DcBcimpv.js:1
[  252485ms] [LOG] [api] GET /api/tasks/completed @ https://t.tinyops.ru/_app/immutable/chunks/DcBcimpv.js:1
[  252485ms] [LOG] [api] PATCH /api/state → 204 @ https://t.tinyops.ru/_app/immutable/chunks/DcBcimpv.js:1
[  252487ms] [LOG] [api] PATCH /api/state → 204 @ https://t.tinyops.ru/_app/immutable/chunks/DcBcimpv.js:1
[  252619ms] [LOG] [api] GET /api/config → 200 @ https://t.tinyops.ru/_app/immutable/chunks/DcBcimpv.js:1
[  252620ms] [LOG] [tasks] subscribing WS: view=today context=undefined @ https://t.tinyops.ru/_app/immutable/chunks/DcBcimpv.js:1
[  252620ms] [LOG] [ws] subscribe tasks {"view":"today"} seq=1 sent=false readyState=0 @ https://t.tinyops.ru/_app/immutable/chunks/DcBcimpv.js:1
[  252620ms] [LOG] [api] GET /api/tasks @ https://t.tinyops.ru/_app/immutable/chunks/DcBcimpv.js:1
[  252620ms] [LOG] [app] init complete @ https://t.tinyops.ru/_app/immutable/chunks/DcBcimpv.js:1
[  252620ms] [LOG] [tasks] refreshWithLoading: today @ https://t.tinyops.ru/_app/immutable/chunks/DcBcimpv.js:1
[  252620ms] [LOG] [tasks] subscribing WS: view=today context=undefined @ https://t.tinyops.ru/_app/immutable/chunks/DcBcimpv.js:1
[  252620ms] [LOG] [ws] subscribe tasks {"view":"today"} seq=2 sent=false readyState=0 @ https://t.tinyops.ru/_app/immutable/chunks/DcBcimpv.js:1
[  252738ms] [LOG] [api] GET /api/tasks → 200 @ https://t.tinyops.ru/_app/immutable/chunks/DcBcimpv.js:1
[  252800ms] [LOG] [ws] connected @ https://t.tinyops.ru/_app/immutable/chunks/DcBcimpv.js:1
[  252800ms] [LOG] [ws] resubscribe tasks @ https://t.tinyops.ru/_app/immutable/chunks/DcBcimpv.js:1
[  252906ms] [LOG] [ws] snapshot tasks seq=3 @ https://t.tinyops.ru/_app/immutable/chunks/DcBcimpv.js:1
[  252907ms] [LOG] [tasks] snapshot received: 15 tasks, synced at: 2026-04-09T11:19:54Z @ https://t.tinyops.ru/_app/immutable/chunks/DcBcimpv.js:1
[  253061ms] [LOG] [project-tasks] fetched 636 tasks from server @ https://t.tinyops.ru/_app/immutable/chunks/DcBcimpv.js:1
[  253501ms] [LOG] [api] GET /api/tasks/completed → 200 @ https://t.tinyops.ru/_app/immutable/chunks/DcBcimpv.js:1
