[     145ms] [ERROR] Failed to load resource: the server responded with a status of 404 () @ https://t.tinyops.ru/troiki:0
[     152ms] [WARNING] <meta name="apple-mobile-web-app-capable" content="yes"> is deprecated. Please include <meta name="mobile-web-app-capable" content="yes"> @ https://t.tinyops.ru/troiki:0
[     163ms] [WARNING] [svelte-intl-precompile] The message "troiki.empty" was not found in "", "en".

Note: there are at least one loader still registered to this locale that wasn't executed. @ https://t.tinyops.ru/_app/immutable/chunks/DcBcimpv.js:1
[     163ms] [WARNING] [svelte-intl-precompile] The message "troiki.title" was not found in "", "en".

Note: there are at least one loader still registered to this locale that wasn't executed. @ https://t.tinyops.ru/_app/immutable/chunks/DcBcimpv.js:1
[     163ms] [LOG] [troiki] entering troiki view @ https://t.tinyops.ru/_app/immutable/chunks/DcBcimpv.js:1
[     163ms] [LOG] [ws] subscribe troiki {} seq=1 sent=false readyState=undefined @ https://t.tinyops.ru/_app/immutable/chunks/DcBcimpv.js:1
[     163ms] [LOG] [api] GET /api/auth/me @ https://t.tinyops.ru/_app/immutable/chunks/DcBcimpv.js:1
[     272ms] [LOG] [api] GET /api/auth/me → 200 @ https://t.tinyops.ru/_app/immutable/chunks/DcBcimpv.js:1
[     275ms] [LOG] [troiki] exiting troiki view @ https://t.tinyops.ru/_app/immutable/chunks/DcBcimpv.js:1
[     276ms] [LOG] [tasks] start @ https://t.tinyops.ru/_app/immutable/chunks/DcBcimpv.js:1
[     276ms] [LOG] [api] GET /api/config @ https://t.tinyops.ru/_app/immutable/chunks/DcBcimpv.js:1
[     276ms] [LOG] [troiki] entering troiki view @ https://t.tinyops.ru/_app/immutable/chunks/DcBcimpv.js:1
[     276ms] [LOG] [ws] subscribe troiki {} seq=2 sent=false readyState=undefined @ https://t.tinyops.ru/_app/immutable/chunks/DcBcimpv.js:1
[     276ms] [LOG] [app] init start @ https://t.tinyops.ru/_app/immutable/chunks/DcBcimpv.js:1
[     276ms] [LOG] [api] GET /api/config @ https://t.tinyops.ru/_app/immutable/chunks/DcBcimpv.js:1
[     463ms] [LOG] [api] GET /api/config → 200 @ https://t.tinyops.ru/_app/immutable/chunks/DcBcimpv.js:1
[     464ms] [LOG] [app] config loaded from API @ https://t.tinyops.ru/_app/immutable/chunks/DcBcimpv.js:1
[     464ms] [LOG] [ws] connecting to wss://t.tinyops.ru/api/ws @ https://t.tinyops.ru/_app/immutable/chunks/DcBcimpv.js:1
[     465ms] [LOG] [tasks] start @ https://t.tinyops.ru/_app/immutable/chunks/DcBcimpv.js:1
[     465ms] [LOG] [api] GET /api/config @ https://t.tinyops.ru/_app/immutable/chunks/DcBcimpv.js:1
[     468ms] [LOG] [api] GET /api/config → 200 @ https://t.tinyops.ru/_app/immutable/chunks/DcBcimpv.js:1
[     469ms] [LOG] [tasks] subscribing WS: view=today context=undefined @ https://t.tinyops.ru/_app/immutable/chunks/DcBcimpv.js:1
[     469ms] [LOG] [ws] subscribe tasks {"view":"today"} seq=3 sent=false readyState=0 @ https://t.tinyops.ru/_app/immutable/chunks/DcBcimpv.js:1
[     570ms] [LOG] [api] GET /api/config → 200 @ https://t.tinyops.ru/_app/immutable/chunks/DcBcimpv.js:1
[     572ms] [LOG] [tasks] subscribing WS: view=today context=undefined @ https://t.tinyops.ru/_app/immutable/chunks/DcBcimpv.js:1
[     572ms] [LOG] [ws] subscribe tasks {"view":"today"} seq=4 sent=false readyState=0 @ https://t.tinyops.ru/_app/immutable/chunks/DcBcimpv.js:1
[     572ms] [LOG] [api] GET /api/tasks @ https://t.tinyops.ru/_app/immutable/chunks/DcBcimpv.js:1
[     572ms] [LOG] [app] init complete @ https://t.tinyops.ru/_app/immutable/chunks/DcBcimpv.js:1
[     686ms] [LOG] [api] GET /api/tasks → 200 @ https://t.tinyops.ru/_app/immutable/chunks/DcBcimpv.js:1
[     757ms] [LOG] [project-tasks] fetched 638 tasks from server @ https://t.tinyops.ru/_app/immutable/chunks/DcBcimpv.js:1
[     775ms] [LOG] [ws] connected @ https://t.tinyops.ru/_app/immutable/chunks/DcBcimpv.js:1
[     775ms] [LOG] [api] GET /api/tasks @ https://t.tinyops.ru/_app/immutable/chunks/DcBcimpv.js:1
[     776ms] [LOG] [ws] resubscribe troiki @ https://t.tinyops.ru/_app/immutable/chunks/DcBcimpv.js:1
[     776ms] [LOG] [ws] resubscribe tasks @ https://t.tinyops.ru/_app/immutable/chunks/DcBcimpv.js:1
[     884ms] [LOG] [ws] snapshot troiki seq=5 @ https://t.tinyops.ru/_app/immutable/chunks/DcBcimpv.js:1
[     887ms] [LOG] [ws] snapshot tasks seq=5 @ https://t.tinyops.ru/_app/immutable/chunks/DcBcimpv.js:1
[     887ms] [LOG] [tasks] snapshot received: 15 tasks, synced at: 2026-04-09T11:35:26Z @ https://t.tinyops.ru/_app/immutable/chunks/DcBcimpv.js:1
[     897ms] [LOG] [api] GET /api/tasks → 200 @ https://t.tinyops.ru/_app/immutable/chunks/DcBcimpv.js:1
[    1002ms] [LOG] [project-tasks] fetched 638 tasks from server @ https://t.tinyops.ru/_app/immutable/chunks/DcBcimpv.js:1
[  382597ms] [LOG] [ws] disconnected code=1006 reason= wasConnected=true @ https://t.tinyops.ru/_app/immutable/chunks/DcBcimpv.js:1
[  382597ms] [LOG] [ws] reconnecting in 1000ms @ https://t.tinyops.ru/_app/immutable/chunks/DcBcimpv.js:1
[  383599ms] [LOG] [ws] connecting to wss://t.tinyops.ru/api/ws @ https://t.tinyops.ru/_app/immutable/chunks/DcBcimpv.js:1
[  383910ms] [ERROR] WebSocket connection to 'wss://t.tinyops.ru/api/ws' failed: Error during WebSocket handshake: Unexpected response code: 502 @ https://t.tinyops.ru/_app/immutable/chunks/DR5D5Fol.js:0
[  383911ms] [WARNING] [ws] connection error @ https://t.tinyops.ru/_app/immutable/chunks/DcBcimpv.js:1
[  383911ms] [LOG] [ws] disconnected code=1006 reason= wasConnected=false @ https://t.tinyops.ru/_app/immutable/chunks/DcBcimpv.js:1
[  383911ms] [LOG] [ws] reconnecting in 2000ms @ https://t.tinyops.ru/_app/immutable/chunks/DcBcimpv.js:1
[  385913ms] [LOG] [ws] connecting to wss://t.tinyops.ru/api/ws @ https://t.tinyops.ru/_app/immutable/chunks/DcBcimpv.js:1
[  387367ms] [ERROR] WebSocket connection to 'wss://t.tinyops.ru/api/ws' failed: Error during WebSocket handshake: Unexpected response code: 502 @ https://t.tinyops.ru/_app/immutable/chunks/DR5D5Fol.js:0
[  387367ms] [WARNING] [ws] connection error @ https://t.tinyops.ru/_app/immutable/chunks/DcBcimpv.js:1
[  387367ms] [LOG] [ws] disconnected code=1006 reason= wasConnected=false @ https://t.tinyops.ru/_app/immutable/chunks/DcBcimpv.js:1
[  387367ms] [LOG] [ws] reconnecting in 4000ms @ https://t.tinyops.ru/_app/immutable/chunks/DcBcimpv.js:1
[  391368ms] [LOG] [ws] connecting to wss://t.tinyops.ru/api/ws @ https://t.tinyops.ru/_app/immutable/chunks/DcBcimpv.js:1
[  391679ms] [ERROR] WebSocket connection to 'wss://t.tinyops.ru/api/ws' failed: Error during WebSocket handshake: Unexpected response code: 502 @ https://t.tinyops.ru/_app/immutable/chunks/DR5D5Fol.js:0
[  391679ms] [WARNING] [ws] connection error @ https://t.tinyops.ru/_app/immutable/chunks/DcBcimpv.js:1
[  391680ms] [LOG] [ws] disconnected code=1006 reason= wasConnected=false @ https://t.tinyops.ru/_app/immutable/chunks/DcBcimpv.js:1
[  391680ms] [LOG] [ws] reconnecting in 8000ms @ https://t.tinyops.ru/_app/immutable/chunks/DcBcimpv.js:1
[  399681ms] [LOG] [ws] connecting to wss://t.tinyops.ru/api/ws @ https://t.tinyops.ru/_app/immutable/chunks/DcBcimpv.js:1
[  400019ms] [ERROR] WebSocket connection to 'wss://t.tinyops.ru/api/ws' failed: Error during WebSocket handshake: Unexpected response code: 502 @ https://t.tinyops.ru/_app/immutable/chunks/DR5D5Fol.js:0
[  400019ms] [WARNING] [ws] connection error @ https://t.tinyops.ru/_app/immutable/chunks/DcBcimpv.js:1
[  400020ms] [LOG] [ws] disconnected code=1006 reason= wasConnected=false @ https://t.tinyops.ru/_app/immutable/chunks/DcBcimpv.js:1
[  400020ms] [LOG] [ws] reconnecting in 16000ms @ https://t.tinyops.ru/_app/immutable/chunks/DcBcimpv.js:1
[  416021ms] [LOG] [ws] connecting to wss://t.tinyops.ru/api/ws @ https://t.tinyops.ru/_app/immutable/chunks/DcBcimpv.js:1
[  416329ms] [ERROR] WebSocket connection to 'wss://t.tinyops.ru/api/ws' failed: Error during WebSocket handshake: Unexpected response code: 502 @ https://t.tinyops.ru/_app/immutable/chunks/DR5D5Fol.js:0
[  416329ms] [WARNING] [ws] connection error @ https://t.tinyops.ru/_app/immutable/chunks/DcBcimpv.js:1
[  416329ms] [LOG] [ws] disconnected code=1006 reason= wasConnected=false @ https://t.tinyops.ru/_app/immutable/chunks/DcBcimpv.js:1
[  416330ms] [LOG] [ws] reconnecting in 30000ms @ https://t.tinyops.ru/_app/immutable/chunks/DcBcimpv.js:1
[  446331ms] [LOG] [ws] connecting to wss://t.tinyops.ru/api/ws @ https://t.tinyops.ru/_app/immutable/chunks/DcBcimpv.js:1
[  446637ms] [ERROR] WebSocket connection to 'wss://t.tinyops.ru/api/ws' failed: Error during WebSocket handshake: Unexpected response code: 502 @ https://t.tinyops.ru/_app/immutable/chunks/DR5D5Fol.js:0
[  446638ms] [WARNING] [ws] connection error @ https://t.tinyops.ru/_app/immutable/chunks/DcBcimpv.js:1
[  446638ms] [LOG] [ws] disconnected code=1006 reason= wasConnected=false @ https://t.tinyops.ru/_app/immutable/chunks/DcBcimpv.js:1
[  446638ms] [LOG] [ws] reconnecting in 30000ms @ https://t.tinyops.ru/_app/immutable/chunks/DcBcimpv.js:1
[  476639ms] [LOG] [ws] connecting to wss://t.tinyops.ru/api/ws @ https://t.tinyops.ru/_app/immutable/chunks/DcBcimpv.js:1
[  476951ms] [ERROR] WebSocket connection to 'wss://t.tinyops.ru/api/ws' failed: Error during WebSocket handshake: Unexpected response code: 502 @ https://t.tinyops.ru/_app/immutable/chunks/DR5D5Fol.js:0
[  476951ms] [WARNING] [ws] connection error @ https://t.tinyops.ru/_app/immutable/chunks/DcBcimpv.js:1
[  476951ms] [LOG] [ws] disconnected code=1006 reason= wasConnected=false @ https://t.tinyops.ru/_app/immutable/chunks/DcBcimpv.js:1
[  476951ms] [LOG] [ws] reconnecting in 30000ms @ https://t.tinyops.ru/_app/immutable/chunks/DcBcimpv.js:1
[  506952ms] [LOG] [ws] connecting to wss://t.tinyops.ru/api/ws @ https://t.tinyops.ru/_app/immutable/chunks/DcBcimpv.js:1
[  507271ms] [ERROR] WebSocket connection to 'wss://t.tinyops.ru/api/ws' failed: Error during WebSocket handshake: Unexpected response code: 502 @ https://t.tinyops.ru/_app/immutable/chunks/DR5D5Fol.js:0
[  507271ms] [WARNING] [ws] connection error @ https://t.tinyops.ru/_app/immutable/chunks/DcBcimpv.js:1
[  507271ms] [LOG] [ws] disconnected code=1006 reason= wasConnected=false @ https://t.tinyops.ru/_app/immutable/chunks/DcBcimpv.js:1
[  507271ms] [LOG] [ws] reconnecting in 30000ms @ https://t.tinyops.ru/_app/immutable/chunks/DcBcimpv.js:1
[  537273ms] [LOG] [ws] connecting to wss://t.tinyops.ru/api/ws @ https://t.tinyops.ru/_app/immutable/chunks/DcBcimpv.js:1
[  537586ms] [ERROR] WebSocket connection to 'wss://t.tinyops.ru/api/ws' failed: Error during WebSocket handshake: Unexpected response code: 502 @ https://t.tinyops.ru/_app/immutable/chunks/DR5D5Fol.js:0
[  537586ms] [WARNING] [ws] connection error @ https://t.tinyops.ru/_app/immutable/chunks/DcBcimpv.js:1
[  537586ms] [LOG] [ws] disconnected code=1006 reason= wasConnected=false @ https://t.tinyops.ru/_app/immutable/chunks/DcBcimpv.js:1
[  537586ms] [LOG] [ws] reconnecting in 30000ms @ https://t.tinyops.ru/_app/immutable/chunks/DcBcimpv.js:1
[  567588ms] [LOG] [ws] connecting to wss://t.tinyops.ru/api/ws @ https://t.tinyops.ru/_app/immutable/chunks/DcBcimpv.js:1
[  567924ms] [ERROR] WebSocket connection to 'wss://t.tinyops.ru/api/ws' failed: Error during WebSocket handshake: Unexpected response code: 502 @ https://t.tinyops.ru/_app/immutable/chunks/DR5D5Fol.js:0
[  567924ms] [WARNING] [ws] connection error @ https://t.tinyops.ru/_app/immutable/chunks/DcBcimpv.js:1
[  567924ms] [LOG] [ws] disconnected code=1006 reason= wasConnected=false @ https://t.tinyops.ru/_app/immutable/chunks/DcBcimpv.js:1
[  567925ms] [LOG] [ws] reconnecting in 30000ms @ https://t.tinyops.ru/_app/immutable/chunks/DcBcimpv.js:1
[  597925ms] [LOG] [ws] connecting to wss://t.tinyops.ru/api/ws @ https://t.tinyops.ru/_app/immutable/chunks/DcBcimpv.js:1
[  598722ms] [ERROR] WebSocket connection to 'wss://t.tinyops.ru/api/ws' failed: Error during WebSocket handshake: Unexpected response code: 502 @ https://t.tinyops.ru/_app/immutable/chunks/DR5D5Fol.js:0
[  598723ms] [WARNING] [ws] connection error @ https://t.tinyops.ru/_app/immutable/chunks/DcBcimpv.js:1
[  598723ms] [LOG] [ws] disconnected code=1006 reason= wasConnected=false @ https://t.tinyops.ru/_app/immutable/chunks/DcBcimpv.js:1
[  598723ms] [LOG] [ws] reconnecting in 30000ms @ https://t.tinyops.ru/_app/immutable/chunks/DcBcimpv.js:1
[  628724ms] [LOG] [ws] connecting to wss://t.tinyops.ru/api/ws @ https://t.tinyops.ru/_app/immutable/chunks/DcBcimpv.js:1
[  629070ms] [ERROR] WebSocket connection to 'wss://t.tinyops.ru/api/ws' failed: Error during WebSocket handshake: Unexpected response code: 502 @ https://t.tinyops.ru/_app/immutable/chunks/DR5D5Fol.js:0
[  629070ms] [WARNING] [ws] connection error @ https://t.tinyops.ru/_app/immutable/chunks/DcBcimpv.js:1
[  629070ms] [LOG] [ws] disconnected code=1006 reason= wasConnected=false @ https://t.tinyops.ru/_app/immutable/chunks/DcBcimpv.js:1
[  629071ms] [LOG] [ws] reconnecting in 30000ms @ https://t.tinyops.ru/_app/immutable/chunks/DcBcimpv.js:1
[  659072ms] [LOG] [ws] connecting to wss://t.tinyops.ru/api/ws @ https://t.tinyops.ru/_app/immutable/chunks/DcBcimpv.js:1
[  659368ms] [ERROR] WebSocket connection to 'wss://t.tinyops.ru/api/ws' failed: Error during WebSocket handshake: Unexpected response code: 502 @ https://t.tinyops.ru/_app/immutable/chunks/DR5D5Fol.js:0
[  659368ms] [WARNING] [ws] connection error @ https://t.tinyops.ru/_app/immutable/chunks/DcBcimpv.js:1
[  659368ms] [LOG] [ws] disconnected code=1006 reason= wasConnected=false @ https://t.tinyops.ru/_app/immutable/chunks/DcBcimpv.js:1
[  659368ms] [LOG] [ws] reconnecting in 30000ms @ https://t.tinyops.ru/_app/immutable/chunks/DcBcimpv.js:1
[  689369ms] [LOG] [ws] connecting to wss://t.tinyops.ru/api/ws @ https://t.tinyops.ru/_app/immutable/chunks/DcBcimpv.js:1
[  689675ms] [ERROR] WebSocket connection to 'wss://t.tinyops.ru/api/ws' failed: Error during WebSocket handshake: Unexpected response code: 502 @ https://t.tinyops.ru/_app/immutable/chunks/DR5D5Fol.js:0
[  689676ms] [WARNING] [ws] connection error @ https://t.tinyops.ru/_app/immutable/chunks/DcBcimpv.js:1
[  689676ms] [LOG] [ws] disconnected code=1006 reason= wasConnected=false @ https://t.tinyops.ru/_app/immutable/chunks/DcBcimpv.js:1
[  689676ms] [LOG] [ws] reconnecting in 30000ms @ https://t.tinyops.ru/_app/immutable/chunks/DcBcimpv.js:1
[  719678ms] [LOG] [ws] connecting to wss://t.tinyops.ru/api/ws @ https://t.tinyops.ru/_app/immutable/chunks/DcBcimpv.js:1
[  720043ms] [ERROR] WebSocket connection to 'wss://t.tinyops.ru/api/ws' failed: Error during WebSocket handshake: Unexpected response code: 502 @ https://t.tinyops.ru/_app/immutable/chunks/DR5D5Fol.js:0
[  720044ms] [WARNING] [ws] connection error @ https://t.tinyops.ru/_app/immutable/chunks/DcBcimpv.js:1
[  720044ms] [LOG] [ws] disconnected code=1006 reason= wasConnected=false @ https://t.tinyops.ru/_app/immutable/chunks/DcBcimpv.js:1
[  720044ms] [LOG] [ws] reconnecting in 30000ms @ https://t.tinyops.ru/_app/immutable/chunks/DcBcimpv.js:1
[  750045ms] [LOG] [ws] connecting to wss://t.tinyops.ru/api/ws @ https://t.tinyops.ru/_app/immutable/chunks/DcBcimpv.js:1
[  750390ms] [ERROR] WebSocket connection to 'wss://t.tinyops.ru/api/ws' failed: Error during WebSocket handshake: Unexpected response code: 502 @ https://t.tinyops.ru/_app/immutable/chunks/DR5D5Fol.js:0
[  750390ms] [WARNING] [ws] connection error @ https://t.tinyops.ru/_app/immutable/chunks/DcBcimpv.js:1
[  750390ms] [LOG] [ws] disconnected code=1006 reason= wasConnected=false @ https://t.tinyops.ru/_app/immutable/chunks/DcBcimpv.js:1
[  750390ms] [LOG] [ws] reconnecting in 30000ms @ https://t.tinyops.ru/_app/immutable/chunks/DcBcimpv.js:1
[  780392ms] [LOG] [ws] connecting to wss://t.tinyops.ru/api/ws @ https://t.tinyops.ru/_app/immutable/chunks/DcBcimpv.js:1
[  780808ms] [ERROR] WebSocket connection to 'wss://t.tinyops.ru/api/ws' failed: Error during WebSocket handshake: Unexpected response code: 502 @ https://t.tinyops.ru/_app/immutable/chunks/DR5D5Fol.js:0
[  780808ms] [WARNING] [ws] connection error @ https://t.tinyops.ru/_app/immutable/chunks/DcBcimpv.js:1
[  780808ms] [LOG] [ws] disconnected code=1006 reason= wasConnected=false @ https://t.tinyops.ru/_app/immutable/chunks/DcBcimpv.js:1
[  780808ms] [LOG] [ws] reconnecting in 30000ms @ https://t.tinyops.ru/_app/immutable/chunks/DcBcimpv.js:1
[  810809ms] [LOG] [ws] connecting to wss://t.tinyops.ru/api/ws @ https://t.tinyops.ru/_app/immutable/chunks/DcBcimpv.js:1
[  811141ms] [ERROR] WebSocket connection to 'wss://t.tinyops.ru/api/ws' failed: Error during WebSocket handshake: Unexpected response code: 502 @ https://t.tinyops.ru/_app/immutable/chunks/DR5D5Fol.js:0
[  811141ms] [WARNING] [ws] connection error @ https://t.tinyops.ru/_app/immutable/chunks/DcBcimpv.js:1
[  811141ms] [LOG] [ws] disconnected code=1006 reason= wasConnected=false @ https://t.tinyops.ru/_app/immutable/chunks/DcBcimpv.js:1
[  811142ms] [LOG] [ws] reconnecting in 30000ms @ https://t.tinyops.ru/_app/immutable/chunks/DcBcimpv.js:1
[  841144ms] [LOG] [ws] connecting to wss://t.tinyops.ru/api/ws @ https://t.tinyops.ru/_app/immutable/chunks/DcBcimpv.js:1
[  841450ms] [ERROR] WebSocket connection to 'wss://t.tinyops.ru/api/ws' failed: Error during WebSocket handshake: Unexpected response code: 502 @ https://t.tinyops.ru/_app/immutable/chunks/DR5D5Fol.js:0
[  841450ms] [WARNING] [ws] connection error @ https://t.tinyops.ru/_app/immutable/chunks/DcBcimpv.js:1
[  841450ms] [LOG] [ws] disconnected code=1006 reason= wasConnected=false @ https://t.tinyops.ru/_app/immutable/chunks/DcBcimpv.js:1
[  841450ms] [LOG] [ws] reconnecting in 30000ms @ https://t.tinyops.ru/_app/immutable/chunks/DcBcimpv.js:1
[  871452ms] [LOG] [ws] connecting to wss://t.tinyops.ru/api/ws @ https://t.tinyops.ru/_app/immutable/chunks/DcBcimpv.js:1
[  871825ms] [ERROR] WebSocket connection to 'wss://t.tinyops.ru/api/ws' failed: Error during WebSocket handshake: Unexpected response code: 502 @ https://t.tinyops.ru/_app/immutable/chunks/DR5D5Fol.js:0
[  871825ms] [WARNING] [ws] connection error @ https://t.tinyops.ru/_app/immutable/chunks/DcBcimpv.js:1
[  871825ms] [LOG] [ws] disconnected code=1006 reason= wasConnected=false @ https://t.tinyops.ru/_app/immutable/chunks/DcBcimpv.js:1
[  871825ms] [LOG] [ws] reconnecting in 30000ms @ https://t.tinyops.ru/_app/immutable/chunks/DcBcimpv.js:1
[  901827ms] [LOG] [ws] connecting to wss://t.tinyops.ru/api/ws @ https://t.tinyops.ru/_app/immutable/chunks/DcBcimpv.js:1
[  902164ms] [ERROR] WebSocket connection to 'wss://t.tinyops.ru/api/ws' failed: Error during WebSocket handshake: Unexpected response code: 502 @ https://t.tinyops.ru/_app/immutable/chunks/DR5D5Fol.js:0
[  902164ms] [WARNING] [ws] connection error @ https://t.tinyops.ru/_app/immutable/chunks/DcBcimpv.js:1
[  902165ms] [LOG] [ws] disconnected code=1006 reason= wasConnected=false @ https://t.tinyops.ru/_app/immutable/chunks/DcBcimpv.js:1
[  902165ms] [LOG] [ws] reconnecting in 30000ms @ https://t.tinyops.ru/_app/immutable/chunks/DcBcimpv.js:1
[  932166ms] [LOG] [ws] connecting to wss://t.tinyops.ru/api/ws @ https://t.tinyops.ru/_app/immutable/chunks/DcBcimpv.js:1
[  932538ms] [ERROR] WebSocket connection to 'wss://t.tinyops.ru/api/ws' failed: Error during WebSocket handshake: Unexpected response code: 502 @ https://t.tinyops.ru/_app/immutable/chunks/DR5D5Fol.js:0
[  932538ms] [WARNING] [ws] connection error @ https://t.tinyops.ru/_app/immutable/chunks/DcBcimpv.js:1
[  932538ms] [LOG] [ws] disconnected code=1006 reason= wasConnected=false @ https://t.tinyops.ru/_app/immutable/chunks/DcBcimpv.js:1
[  932538ms] [LOG] [ws] reconnecting in 30000ms @ https://t.tinyops.ru/_app/immutable/chunks/DcBcimpv.js:1
[  962539ms] [LOG] [ws] connecting to wss://t.tinyops.ru/api/ws @ https://t.tinyops.ru/_app/immutable/chunks/DcBcimpv.js:1
[  962879ms] [ERROR] WebSocket connection to 'wss://t.tinyops.ru/api/ws' failed: Error during WebSocket handshake: Unexpected response code: 502 @ https://t.tinyops.ru/_app/immutable/chunks/DR5D5Fol.js:0
[  962879ms] [WARNING] [ws] connection error @ https://t.tinyops.ru/_app/immutable/chunks/DcBcimpv.js:1
[  962879ms] [LOG] [ws] disconnected code=1006 reason= wasConnected=false @ https://t.tinyops.ru/_app/immutable/chunks/DcBcimpv.js:1
[  962879ms] [LOG] [ws] reconnecting in 30000ms @ https://t.tinyops.ru/_app/immutable/chunks/DcBcimpv.js:1
[  992881ms] [LOG] [ws] connecting to wss://t.tinyops.ru/api/ws @ https://t.tinyops.ru/_app/immutable/chunks/DcBcimpv.js:1
[  993230ms] [ERROR] WebSocket connection to 'wss://t.tinyops.ru/api/ws' failed: Error during WebSocket handshake: Unexpected response code: 502 @ https://t.tinyops.ru/_app/immutable/chunks/DR5D5Fol.js:0
[  993231ms] [WARNING] [ws] connection error @ https://t.tinyops.ru/_app/immutable/chunks/DcBcimpv.js:1
[  993231ms] [LOG] [ws] disconnected code=1006 reason= wasConnected=false @ https://t.tinyops.ru/_app/immutable/chunks/DcBcimpv.js:1
[  993231ms] [LOG] [ws] reconnecting in 30000ms @ https://t.tinyops.ru/_app/immutable/chunks/DcBcimpv.js:1
[ 1023232ms] [LOG] [ws] connecting to wss://t.tinyops.ru/api/ws @ https://t.tinyops.ru/_app/immutable/chunks/DcBcimpv.js:1
[ 1023691ms] [ERROR] WebSocket connection to 'wss://t.tinyops.ru/api/ws' failed: Error during WebSocket handshake: Unexpected response code: 502 @ https://t.tinyops.ru/_app/immutable/chunks/DR5D5Fol.js:0
[ 1023691ms] [WARNING] [ws] connection error @ https://t.tinyops.ru/_app/immutable/chunks/DcBcimpv.js:1
[ 1023691ms] [LOG] [ws] disconnected code=1006 reason= wasConnected=false @ https://t.tinyops.ru/_app/immutable/chunks/DcBcimpv.js:1
[ 1023691ms] [LOG] [ws] reconnecting in 30000ms @ https://t.tinyops.ru/_app/immutable/chunks/DcBcimpv.js:1
[ 1053693ms] [LOG] [ws] connecting to wss://t.tinyops.ru/api/ws @ https://t.tinyops.ru/_app/immutable/chunks/DcBcimpv.js:1
[ 1054008ms] [ERROR] WebSocket connection to 'wss://t.tinyops.ru/api/ws' failed: Error during WebSocket handshake: Unexpected response code: 502 @ https://t.tinyops.ru/_app/immutable/chunks/DR5D5Fol.js:0
[ 1054008ms] [WARNING] [ws] connection error @ https://t.tinyops.ru/_app/immutable/chunks/DcBcimpv.js:1
[ 1054009ms] [LOG] [ws] disconnected code=1006 reason= wasConnected=false @ https://t.tinyops.ru/_app/immutable/chunks/DcBcimpv.js:1
[ 1054009ms] [LOG] [ws] reconnecting in 30000ms @ https://t.tinyops.ru/_app/immutable/chunks/DcBcimpv.js:1
[ 1084011ms] [LOG] [ws] connecting to wss://t.tinyops.ru/api/ws @ https://t.tinyops.ru/_app/immutable/chunks/DcBcimpv.js:1
[ 1084334ms] [ERROR] WebSocket connection to 'wss://t.tinyops.ru/api/ws' failed: Error during WebSocket handshake: Unexpected response code: 502 @ https://t.tinyops.ru/_app/immutable/chunks/DR5D5Fol.js:0
[ 1084334ms] [WARNING] [ws] connection error @ https://t.tinyops.ru/_app/immutable/chunks/DcBcimpv.js:1
[ 1084334ms] [LOG] [ws] disconnected code=1006 reason= wasConnected=false @ https://t.tinyops.ru/_app/immutable/chunks/DcBcimpv.js:1
[ 1084334ms] [LOG] [ws] reconnecting in 30000ms @ https://t.tinyops.ru/_app/immutable/chunks/DcBcimpv.js:1
[ 1114336ms] [LOG] [ws] connecting to wss://t.tinyops.ru/api/ws @ https://t.tinyops.ru/_app/immutable/chunks/DcBcimpv.js:1
[ 1114691ms] [ERROR] WebSocket connection to 'wss://t.tinyops.ru/api/ws' failed: Error during WebSocket handshake: Unexpected response code: 502 @ https://t.tinyops.ru/_app/immutable/chunks/DR5D5Fol.js:0
[ 1114691ms] [WARNING] [ws] connection error @ https://t.tinyops.ru/_app/immutable/chunks/DcBcimpv.js:1
[ 1114691ms] [LOG] [ws] disconnected code=1006 reason= wasConnected=false @ https://t.tinyops.ru/_app/immutable/chunks/DcBcimpv.js:1
[ 1114691ms] [LOG] [ws] reconnecting in 30000ms @ https://t.tinyops.ru/_app/immutable/chunks/DcBcimpv.js:1
[ 1144692ms] [LOG] [ws] connecting to wss://t.tinyops.ru/api/ws @ https://t.tinyops.ru/_app/immutable/chunks/DcBcimpv.js:1
[ 1145005ms] [ERROR] WebSocket connection to 'wss://t.tinyops.ru/api/ws' failed: Error during WebSocket handshake: Unexpected response code: 502 @ https://t.tinyops.ru/_app/immutable/chunks/DR5D5Fol.js:0
[ 1145005ms] [WARNING] [ws] connection error @ https://t.tinyops.ru/_app/immutable/chunks/DcBcimpv.js:1
[ 1145005ms] [LOG] [ws] disconnected code=1006 reason= wasConnected=false @ https://t.tinyops.ru/_app/immutable/chunks/DcBcimpv.js:1
[ 1145005ms] [LOG] [ws] reconnecting in 30000ms @ https://t.tinyops.ru/_app/immutable/chunks/DcBcimpv.js:1
[ 1175007ms] [LOG] [ws] connecting to wss://t.tinyops.ru/api/ws @ https://t.tinyops.ru/_app/immutable/chunks/DcBcimpv.js:1
[ 1175312ms] [ERROR] WebSocket connection to 'wss://t.tinyops.ru/api/ws' failed: Error during WebSocket handshake: Unexpected response code: 502 @ https://t.tinyops.ru/_app/immutable/chunks/DR5D5Fol.js:0
[ 1175312ms] [WARNING] [ws] connection error @ https://t.tinyops.ru/_app/immutable/chunks/DcBcimpv.js:1
[ 1175312ms] [LOG] [ws] disconnected code=1006 reason= wasConnected=false @ https://t.tinyops.ru/_app/immutable/chunks/DcBcimpv.js:1
[ 1175312ms] [LOG] [ws] reconnecting in 30000ms @ https://t.tinyops.ru/_app/immutable/chunks/DcBcimpv.js:1
[ 1205314ms] [LOG] [ws] connecting to wss://t.tinyops.ru/api/ws @ https://t.tinyops.ru/_app/immutable/chunks/DcBcimpv.js:1
[ 1205677ms] [ERROR] WebSocket connection to 'wss://t.tinyops.ru/api/ws' failed: Error during WebSocket handshake: Unexpected response code: 502 @ https://t.tinyops.ru/_app/immutable/chunks/DR5D5Fol.js:0
[ 1205678ms] [WARNING] [ws] connection error @ https://t.tinyops.ru/_app/immutable/chunks/DcBcimpv.js:1
[ 1205678ms] [LOG] [ws] disconnected code=1006 reason= wasConnected=false @ https://t.tinyops.ru/_app/immutable/chunks/DcBcimpv.js:1
[ 1205678ms] [LOG] [ws] reconnecting in 30000ms @ https://t.tinyops.ru/_app/immutable/chunks/DcBcimpv.js:1
[ 1235679ms] [LOG] [ws] connecting to wss://t.tinyops.ru/api/ws @ https://t.tinyops.ru/_app/immutable/chunks/DcBcimpv.js:1
[ 1236016ms] [ERROR] WebSocket connection to 'wss://t.tinyops.ru/api/ws' failed: Error during WebSocket handshake: Unexpected response code: 502 @ https://t.tinyops.ru/_app/immutable/chunks/DR5D5Fol.js:0
[ 1236017ms] [WARNING] [ws] connection error @ https://t.tinyops.ru/_app/immutable/chunks/DcBcimpv.js:1
[ 1236017ms] [LOG] [ws] disconnected code=1006 reason= wasConnected=false @ https://t.tinyops.ru/_app/immutable/chunks/DcBcimpv.js:1
[ 1236017ms] [LOG] [ws] reconnecting in 30000ms @ https://t.tinyops.ru/_app/immutable/chunks/DcBcimpv.js:1
[ 1266019ms] [LOG] [ws] connecting to wss://t.tinyops.ru/api/ws @ https://t.tinyops.ru/_app/immutable/chunks/DcBcimpv.js:1
[ 1266336ms] [ERROR] WebSocket connection to 'wss://t.tinyops.ru/api/ws' failed: Error during WebSocket handshake: Unexpected response code: 502 @ https://t.tinyops.ru/_app/immutable/chunks/DR5D5Fol.js:0
[ 1266336ms] [WARNING] [ws] connection error @ https://t.tinyops.ru/_app/immutable/chunks/DcBcimpv.js:1
[ 1266337ms] [LOG] [ws] disconnected code=1006 reason= wasConnected=false @ https://t.tinyops.ru/_app/immutable/chunks/DcBcimpv.js:1
[ 1266337ms] [LOG] [ws] reconnecting in 30000ms @ https://t.tinyops.ru/_app/immutable/chunks/DcBcimpv.js:1
[ 1296338ms] [LOG] [ws] connecting to wss://t.tinyops.ru/api/ws @ https://t.tinyops.ru/_app/immutable/chunks/DcBcimpv.js:1
[ 1296665ms] [ERROR] WebSocket connection to 'wss://t.tinyops.ru/api/ws' failed: Error during WebSocket handshake: Unexpected response code: 502 @ https://t.tinyops.ru/_app/immutable/chunks/DR5D5Fol.js:0
[ 1296665ms] [WARNING] [ws] connection error @ https://t.tinyops.ru/_app/immutable/chunks/DcBcimpv.js:1
[ 1296665ms] [LOG] [ws] disconnected code=1006 reason= wasConnected=false @ https://t.tinyops.ru/_app/immutable/chunks/DcBcimpv.js:1
[ 1296666ms] [LOG] [ws] reconnecting in 30000ms @ https://t.tinyops.ru/_app/immutable/chunks/DcBcimpv.js:1
[ 1326667ms] [LOG] [ws] connecting to wss://t.tinyops.ru/api/ws @ https://t.tinyops.ru/_app/immutable/chunks/DcBcimpv.js:1
[ 1327001ms] [ERROR] WebSocket connection to 'wss://t.tinyops.ru/api/ws' failed: Error during WebSocket handshake: Unexpected response code: 502 @ https://t.tinyops.ru/_app/immutable/chunks/DR5D5Fol.js:0
[ 1327002ms] [WARNING] [ws] connection error @ https://t.tinyops.ru/_app/immutable/chunks/DcBcimpv.js:1
[ 1327002ms] [LOG] [ws] disconnected code=1006 reason= wasConnected=false @ https://t.tinyops.ru/_app/immutable/chunks/DcBcimpv.js:1
[ 1327002ms] [LOG] [ws] reconnecting in 30000ms @ https://t.tinyops.ru/_app/immutable/chunks/DcBcimpv.js:1
[ 1357003ms] [LOG] [ws] connecting to wss://t.tinyops.ru/api/ws @ https://t.tinyops.ru/_app/immutable/chunks/DcBcimpv.js:1
[ 1357331ms] [ERROR] WebSocket connection to 'wss://t.tinyops.ru/api/ws' failed: Error during WebSocket handshake: Unexpected response code: 502 @ https://t.tinyops.ru/_app/immutable/chunks/DR5D5Fol.js:0
[ 1357332ms] [WARNING] [ws] connection error @ https://t.tinyops.ru/_app/immutable/chunks/DcBcimpv.js:1
[ 1357332ms] [LOG] [ws] disconnected code=1006 reason= wasConnected=false @ https://t.tinyops.ru/_app/immutable/chunks/DcBcimpv.js:1
[ 1357332ms] [LOG] [ws] reconnecting in 30000ms @ https://t.tinyops.ru/_app/immutable/chunks/DcBcimpv.js:1
[ 1387334ms] [LOG] [ws] connecting to wss://t.tinyops.ru/api/ws @ https://t.tinyops.ru/_app/immutable/chunks/DcBcimpv.js:1
[ 1387753ms] [ERROR] WebSocket connection to 'wss://t.tinyops.ru/api/ws' failed: Error during WebSocket handshake: Unexpected response code: 502 @ https://t.tinyops.ru/_app/immutable/chunks/DR5D5Fol.js:0
[ 1387754ms] [WARNING] [ws] connection error @ https://t.tinyops.ru/_app/immutable/chunks/DcBcimpv.js:1
[ 1387754ms] [LOG] [ws] disconnected code=1006 reason= wasConnected=false @ https://t.tinyops.ru/_app/immutable/chunks/DcBcimpv.js:1
[ 1387754ms] [LOG] [ws] reconnecting in 30000ms @ https://t.tinyops.ru/_app/immutable/chunks/DcBcimpv.js:1
[ 1417756ms] [LOG] [ws] connecting to wss://t.tinyops.ru/api/ws @ https://t.tinyops.ru/_app/immutable/chunks/DcBcimpv.js:1
[ 1418127ms] [ERROR] WebSocket connection to 'wss://t.tinyops.ru/api/ws' failed: Error during WebSocket handshake: Unexpected response code: 502 @ https://t.tinyops.ru/_app/immutable/chunks/DR5D5Fol.js:0
[ 1418127ms] [WARNING] [ws] connection error @ https://t.tinyops.ru/_app/immutable/chunks/DcBcimpv.js:1
[ 1418127ms] [LOG] [ws] disconnected code=1006 reason= wasConnected=false @ https://t.tinyops.ru/_app/immutable/chunks/DcBcimpv.js:1
[ 1418128ms] [LOG] [ws] reconnecting in 30000ms @ https://t.tinyops.ru/_app/immutable/chunks/DcBcimpv.js:1
[ 1448129ms] [LOG] [ws] connecting to wss://t.tinyops.ru/api/ws @ https://t.tinyops.ru/_app/immutable/chunks/DcBcimpv.js:1
[ 1448457ms] [ERROR] WebSocket connection to 'wss://t.tinyops.ru/api/ws' failed: Error during WebSocket handshake: Unexpected response code: 502 @ https://t.tinyops.ru/_app/immutable/chunks/DR5D5Fol.js:0
[ 1448458ms] [WARNING] [ws] connection error @ https://t.tinyops.ru/_app/immutable/chunks/DcBcimpv.js:1
[ 1448458ms] [LOG] [ws] disconnected code=1006 reason= wasConnected=false @ https://t.tinyops.ru/_app/immutable/chunks/DcBcimpv.js:1
[ 1448458ms] [LOG] [ws] reconnecting in 30000ms @ https://t.tinyops.ru/_app/immutable/chunks/DcBcimpv.js:1
[ 1478460ms] [LOG] [ws] connecting to wss://t.tinyops.ru/api/ws @ https://t.tinyops.ru/_app/immutable/chunks/DcBcimpv.js:1
[ 1478812ms] [ERROR] WebSocket connection to 'wss://t.tinyops.ru/api/ws' failed: Error during WebSocket handshake: Unexpected response code: 502 @ https://t.tinyops.ru/_app/immutable/chunks/DR5D5Fol.js:0
[ 1478812ms] [WARNING] [ws] connection error @ https://t.tinyops.ru/_app/immutable/chunks/DcBcimpv.js:1
[ 1478813ms] [LOG] [ws] disconnected code=1006 reason= wasConnected=false @ https://t.tinyops.ru/_app/immutable/chunks/DcBcimpv.js:1
[ 1478813ms] [LOG] [ws] reconnecting in 30000ms @ https://t.tinyops.ru/_app/immutable/chunks/DcBcimpv.js:1
[ 1508814ms] [LOG] [ws] connecting to wss://t.tinyops.ru/api/ws @ https://t.tinyops.ru/_app/immutable/chunks/DcBcimpv.js:1
[ 1509205ms] [ERROR] WebSocket connection to 'wss://t.tinyops.ru/api/ws' failed: HTTP Authentication failed; no valid credentials available @ https://t.tinyops.ru/_app/immutable/chunks/DR5D5Fol.js:0
[ 1509206ms] [WARNING] [ws] connection error @ https://t.tinyops.ru/_app/immutable/chunks/DcBcimpv.js:1
[ 1509206ms] [LOG] [ws] disconnected code=1006 reason= wasConnected=false @ https://t.tinyops.ru/_app/immutable/chunks/DcBcimpv.js:1
[ 1509206ms] [LOG] [ws] reconnecting in 30000ms @ https://t.tinyops.ru/_app/immutable/chunks/DcBcimpv.js:1
[ 1539207ms] [LOG] [ws] connecting to wss://t.tinyops.ru/api/ws @ https://t.tinyops.ru/_app/immutable/chunks/DcBcimpv.js:1
[ 1539608ms] [ERROR] WebSocket connection to 'wss://t.tinyops.ru/api/ws' failed: HTTP Authentication failed; no valid credentials available @ https://t.tinyops.ru/_app/immutable/chunks/DR5D5Fol.js:0
[ 1539608ms] [WARNING] [ws] connection error @ https://t.tinyops.ru/_app/immutable/chunks/DcBcimpv.js:1
[ 1539608ms] [LOG] [ws] disconnected code=1006 reason= wasConnected=false @ https://t.tinyops.ru/_app/immutable/chunks/DcBcimpv.js:1
[ 1539608ms] [LOG] [ws] reconnecting in 30000ms @ https://t.tinyops.ru/_app/immutable/chunks/DcBcimpv.js:1
[ 1569621ms] [LOG] [ws] connecting to wss://t.tinyops.ru/api/ws @ https://t.tinyops.ru/_app/immutable/chunks/DcBcimpv.js:1
[ 1569942ms] [ERROR] WebSocket connection to 'wss://t.tinyops.ru/api/ws' failed: HTTP Authentication failed; no valid credentials available @ https://t.tinyops.ru/_app/immutable/chunks/DR5D5Fol.js:0
[ 1569942ms] [WARNING] [ws] connection error @ https://t.tinyops.ru/_app/immutable/chunks/DcBcimpv.js:1
[ 1569942ms] [LOG] [ws] disconnected code=1006 reason= wasConnected=false @ https://t.tinyops.ru/_app/immutable/chunks/DcBcimpv.js:1
[ 1569942ms] [LOG] [ws] reconnecting in 30000ms @ https://t.tinyops.ru/_app/immutable/chunks/DcBcimpv.js:1
[ 1599966ms] [LOG] [ws] connecting to wss://t.tinyops.ru/api/ws @ https://t.tinyops.ru/_app/immutable/chunks/DcBcimpv.js:1
[ 1600334ms] [ERROR] WebSocket connection to 'wss://t.tinyops.ru/api/ws' failed: HTTP Authentication failed; no valid credentials available @ https://t.tinyops.ru/_app/immutable/chunks/DR5D5Fol.js:0
[ 1600335ms] [WARNING] [ws] connection error @ https://t.tinyops.ru/_app/immutable/chunks/DcBcimpv.js:1
[ 1600335ms] [LOG] [ws] disconnected code=1006 reason= wasConnected=false @ https://t.tinyops.ru/_app/immutable/chunks/DcBcimpv.js:1
[ 1600335ms] [LOG] [ws] reconnecting in 30000ms @ https://t.tinyops.ru/_app/immutable/chunks/DcBcimpv.js:1
